<?xml version="1.0" encoding="UTF-8"?>
<testng-results skipped="0" failed="0" ignored="0" total="1" passed="1">
  <reporter-output>
  </reporter-output>
  <suite name="com.maven.automation.DemoTest" duration-ms="13640" started-at="2021-02-23T10:32:11 IST" finished-at="2021-02-23T10:32:25 IST">
    <groups>
    </groups>
    <test name="Command line test" duration-ms="13640" started-at="2021-02-23T10:32:11 IST" finished-at="2021-02-23T10:32:25 IST">
      <class name="com.maven.automation.DemoTest">
        <test-method status="PASS" signature="demoTest()[pri:0, instance:com.maven.automation.DemoTest@7cd62f43]" name="demoTest" duration-ms="13552" started-at="2021-02-23T10:32:11 IST" finished-at="2021-02-23T10:32:25 IST">
          <reporter-output>
          </reporter-output>
        </test-method> <!-- demoTest -->
      </class> <!-- com.maven.automation.DemoTest -->
    </test> <!-- Command line test -->
  </suite> <!-- com.maven.automation.DemoTest -->
</testng-results>
