<?xml version="1.0" encoding="UTF-8"?>
<testng-results skipped="0" failed="0" ignored="0" total="1" passed="1">
  <reporter-output>
  </reporter-output>
  <suite name="Suite" duration-ms="23013" started-at="2021-02-18T14:36:50 IST" finished-at="2021-02-18T14:37:13 IST">
    <groups>
    </groups>
    <test name="Test" duration-ms="23013" started-at="2021-02-18T14:36:50 IST" finished-at="2021-02-18T14:37:13 IST">
      <class name="com.maven.automation.NewTestNg">
        <test-method status="PASS" signature="DemoTest1()[pri:0, instance:com.maven.automation.NewTestNg@cd2dae5]" name="DemoTest1" duration-ms="22956" started-at="2021-02-18T14:36:50 IST" finished-at="2021-02-18T14:37:13 IST">
          <reporter-output>
          </reporter-output>
        </test-method> <!-- DemoTest1 -->
      </class> <!-- com.maven.automation.NewTestNg -->
    </test> <!-- Test -->
  </suite> <!-- Suite -->
</testng-results>
